This file contains any messages produced by compilers while
running configure, to aid debugging if configure makes a mistake.

It was created by configure, which was
generated by GNU Autoconf 2.59.  Invocation command line was

  $ ./configure --disable-option-checking --prefix=/usr/local --cache-file=/dev/null --srcdir=.

## --------- ##
## Platform. ##
## --------- ##

hostname = gentoo
uname -m = x86_64
uname -r = 3.17.2-gentoo-2
uname -s = Linux
uname -v = #1 SMP Tue Nov 4 09:27:01 ICT 2014

/usr/bin/uname -p = Intel(R) Core(TM) i3 CPU M 330 @ 2.13GHz
/bin/uname -X     = unknown

/bin/arch              = unknown
/usr/bin/arch -k       = unknown
/usr/convex/getsysinfo = unknown
hostinfo               = unknown
/bin/machine           = unknown
/usr/bin/oslevel       = unknown
/bin/universe          = unknown

PATH: /usr/bin
PATH: /usr/local/bin
PATH: /usr/bin
PATH: /bin
PATH: /opt/bin
PATH: /usr/x86_64-pc-linux-gnu/gcc-bin/4.8.3
PATH: /opt/android-ndk
PATH: /opt/android-ndk/toolchains/arm-linux-androideabi-4.6/prebuilt/linux-x86_64/bin
PATH: /opt/android-ndk/toolchains/arm-linux-androideabi-4.8/prebuilt/linux-x86_64/bin
PATH: /opt/android-ndk/toolchains/llvm-3.3/prebuilt/linux-x86_64/bin
PATH: /opt/android-ndk/toolchains/llvm-3.4/prebuilt/linux-x86_64/bin
PATH: /opt/android-ndk/toolchains/mipsel-linux-android-4.6/prebuilt/linux-x86_64/bin
PATH: /opt/android-ndk/toolchains/mipsel-linux-android-4.8/prebuilt/linux-x86_64/bin
PATH: /opt/android-ndk/toolchains/renderscript/prebuilt/linux-x86_64/bin
PATH: /opt/android-ndk/toolchains/x86-4.6/prebuilt/linux-x86_64/bin
PATH: /opt/android-ndk/toolchains/x86-4.8/prebuilt/linux-x86_64/bin
PATH: /opt/android-sdk-update-manager/tools
PATH: /opt/android-sdk-update-manager/platform-tools
PATH: /usr/games/bin


## ----------- ##
## Core tests. ##
## ----------- ##

configure:1555: checking for a BSD-compatible install
configure:1610: result: /usr/bin/install -c
configure:1621: checking whether build environment is sane
configure:1664: result: yes
configure:1729: checking for gawk
configure:1745: found /usr/bin/gawk
configure:1755: result: gawk
configure:1765: checking whether make sets $(MAKE)
configure:1785: result: yes
configure:2073: checking for gcc
configure:2089: found /usr/bin/gcc
configure:2099: result: gcc
configure:2343: checking for C compiler version
configure:2346: gcc --version </dev/null >&5
gcc (Gentoo 4.8.3 p1.1, pie-0.5.9) 4.8.3
Copyright (C) 2013 Free Software Foundation, Inc.
This is free software; see the source for copying conditions.  There is NO
warranty; not even for MERCHANTABILITY or FITNESS FOR A PARTICULAR PURPOSE.

configure:2349: $? = 0
configure:2351: gcc -v </dev/null >&5
Using built-in specs.
COLLECT_GCC=/usr/x86_64-pc-linux-gnu/gcc-bin/4.8.3/gcc
COLLECT_LTO_WRAPPER=/usr/libexec/gcc/x86_64-pc-linux-gnu/4.8.3/lto-wrapper
Target: x86_64-pc-linux-gnu
Configured with: /var/tmp/portage/sys-devel/gcc-4.8.3/work/gcc-4.8.3/configure --host=x86_64-pc-linux-gnu --build=x86_64-pc-linux-gnu --prefix=/usr --bindir=/usr/x86_64-pc-linux-gnu/gcc-bin/4.8.3 --includedir=/usr/lib/gcc/x86_64-pc-linux-gnu/4.8.3/include --datadir=/usr/share/gcc-data/x86_64-pc-linux-gnu/4.8.3 --mandir=/usr/share/gcc-data/x86_64-pc-linux-gnu/4.8.3/man --infodir=/usr/share/gcc-data/x86_64-pc-linux-gnu/4.8.3/info --with-gxx-include-dir=/usr/lib/gcc/x86_64-pc-linux-gnu/4.8.3/include/g++-v4 --with-python-dir=/share/gcc-data/x86_64-pc-linux-gnu/4.8.3/python --enable-languages=c,c++,fortran --enable-obsolete --enable-secureplt --disable-werror --with-system-zlib --enable-nls --without-included-gettext --enable-checking=release --with-bugurl=https://bugs.gentoo.org/ --with-pkgversion='Gentoo 4.8.3 p1.1, pie-0.5.9' --enable-libstdcxx-time --enable-linker-build-id --enable-shared --enable-threads=posix --enable-__cxa_atexit --enable-clocale=gnu --enable-multilib --with-multilib-list=m32,m64 --disable-altivec --disable-fixed-point --enable-targets=all --disable-libgcj --enable-libgomp --disable-libmudflap --disable-libssp --enable-lto --without-cloog --enable-libsanitizer
Thread model: posix
gcc version 4.8.3 (Gentoo 4.8.3 p1.1, pie-0.5.9) 
configure:2354: $? = 0
configure:2356: gcc -V </dev/null >&5
gcc: error: unrecognized command line option '-V'
gcc: fatal error: no input files
compilation terminated.
configure:2359: $? = 1
configure:2382: checking for C compiler default output file name
configure:2385: gcc    conftest.c  >&5
configure:2388: $? = 0
configure:2434: result: a.out
configure:2439: checking whether the C compiler works
configure:2445: ./a.out
configure:2448: $? = 0
configure:2465: result: yes
configure:2472: checking whether we are cross compiling
configure:2474: result: no
configure:2477: checking for suffix of executables
configure:2479: gcc -o conftest    conftest.c  >&5
configure:2482: $? = 0
configure:2507: result: 
configure:2513: checking for suffix of object files
configure:2534: gcc -c   conftest.c >&5
configure:2537: $? = 0
configure:2559: result: o
configure:2563: checking whether we are using the GNU C compiler
configure:2587: gcc -c   conftest.c >&5
configure:2593: $? = 0
configure:2597: test -z 
			 || test ! -s conftest.err
configure:2600: $? = 0
configure:2603: test -s conftest.o
configure:2606: $? = 0
configure:2619: result: yes
configure:2625: checking whether gcc accepts -g
configure:2646: gcc -c -g  conftest.c >&5
configure:2652: $? = 0
configure:2656: test -z 
			 || test ! -s conftest.err
configure:2659: $? = 0
configure:2662: test -s conftest.o
configure:2665: $? = 0
configure:2676: result: yes
configure:2693: checking for gcc option to accept ANSI C
configure:2763: gcc  -c -g -O2  conftest.c >&5
configure:2769: $? = 0
configure:2773: test -z 
			 || test ! -s conftest.err
configure:2776: $? = 0
configure:2779: test -s conftest.o
configure:2782: $? = 0
configure:2800: result: none needed
configure:2818: gcc -c -g -O2  conftest.c >&5
conftest.c:2:3: error: unknown type name 'choke'
   choke me
   ^
conftest.c:2:3: error: expected '=', ',', ';', 'asm' or '__attribute__' at end of input
configure:2824: $? = 1
configure: failed program was:
| #ifndef __cplusplus
|   choke me
| #endif
configure:2968: checking for style of include used by make
configure:2996: result: GNU
configure:3024: checking dependency style of gcc
configure:3114: result: gcc3
configure:3144: checking for a BSD-compatible install
configure:3199: result: /usr/bin/install -c
configure:3210: checking whether ln -s works
configure:3214: result: yes
configure:3221: checking whether make sets $(MAKE)
configure:3241: result: yes
configure:3329: checking build system type
configure:3347: result: x86_64-unknown-linux-gnu
configure:3355: checking host system type
configure:3369: result: x86_64-unknown-linux-gnu
configure:3377: checking for a sed that does not truncate output
configure:3431: result: /bin/sed
configure:3434: checking for egrep
configure:3444: result: grep -E
configure:3460: checking for ld used by gcc
configure:3527: result: /usr/x86_64-pc-linux-gnu/bin/ld
configure:3536: checking if the linker (/usr/x86_64-pc-linux-gnu/bin/ld) is GNU ld
configure:3551: result: yes
configure:3556: checking for /usr/x86_64-pc-linux-gnu/bin/ld option to reload object files
configure:3563: result: -r
configure:3581: checking for BSD-compatible nm
configure:3630: result: /usr/bin/nm -B
configure:3634: checking how to recognise dependent libraries
configure:3810: result: pass_all
configure:3898: gcc -c -g -O2  conftest.c >&5
configure:3901: $? = 0
configure:4047: checking how to run the C preprocessor
configure:4082: gcc -E  conftest.c
configure:4088: $? = 0
configure:4120: gcc -E  conftest.c
conftest.c:11:28: fatal error: ac_nonexistent.h: No such file or directory
 #include <ac_nonexistent.h>
                            ^
compilation terminated.
configure:4126: $? = 1
configure: failed program was:
| /* confdefs.h.  */
| 
| #define PACKAGE_NAME ""
| #define PACKAGE_TARNAME ""
| #define PACKAGE_VERSION ""
| #define PACKAGE_STRING ""
| #define PACKAGE_BUGREPORT ""
| #define PACKAGE "libxmms"
| #define VERSION "4.1.3"
| /* end confdefs.h.  */
| #include <ac_nonexistent.h>
configure:4165: result: gcc -E
configure:4189: gcc -E  conftest.c
configure:4195: $? = 0
configure:4227: gcc -E  conftest.c
conftest.c:11:28: fatal error: ac_nonexistent.h: No such file or directory
 #include <ac_nonexistent.h>
                            ^
compilation terminated.
configure:4233: $? = 1
configure: failed program was:
| /* confdefs.h.  */
| 
| #define PACKAGE_NAME ""
| #define PACKAGE_TARNAME ""
| #define PACKAGE_VERSION ""
| #define PACKAGE_STRING ""
| #define PACKAGE_BUGREPORT ""
| #define PACKAGE "libxmms"
| #define VERSION "4.1.3"
| /* end confdefs.h.  */
| #include <ac_nonexistent.h>
configure:4277: checking for ANSI C header files
configure:4302: gcc -c -g -O2  conftest.c >&5
configure:4308: $? = 0
configure:4312: test -z 
			 || test ! -s conftest.err
configure:4315: $? = 0
configure:4318: test -s conftest.o
configure:4321: $? = 0
configure:4410: gcc -o conftest -g -O2   conftest.c  >&5
conftest.c: In function 'main':
conftest.c:28:7: warning: incompatible implicit declaration of built-in function 'exit' [enabled by default]
       exit(2);
       ^
configure:4413: $? = 0
configure:4415: ./conftest
configure:4418: $? = 0
configure:4433: result: yes
configure:4457: checking for sys/types.h
configure:4473: gcc -c -g -O2  conftest.c >&5
configure:4479: $? = 0
configure:4483: test -z 
			 || test ! -s conftest.err
configure:4486: $? = 0
configure:4489: test -s conftest.o
configure:4492: $? = 0
configure:4503: result: yes
configure:4457: checking for sys/stat.h
configure:4473: gcc -c -g -O2  conftest.c >&5
configure:4479: $? = 0
configure:4483: test -z 
			 || test ! -s conftest.err
configure:4486: $? = 0
configure:4489: test -s conftest.o
configure:4492: $? = 0
configure:4503: result: yes
configure:4457: checking for stdlib.h
configure:4473: gcc -c -g -O2  conftest.c >&5
configure:4479: $? = 0
configure:4483: test -z 
			 || test ! -s conftest.err
configure:4486: $? = 0
configure:4489: test -s conftest.o
configure:4492: $? = 0
configure:4503: result: yes
configure:4457: checking for string.h
configure:4473: gcc -c -g -O2  conftest.c >&5
configure:4479: $? = 0
configure:4483: test -z 
			 || test ! -s conftest.err
configure:4486: $? = 0
configure:4489: test -s conftest.o
configure:4492: $? = 0
configure:4503: result: yes
configure:4457: checking for memory.h
configure:4473: gcc -c -g -O2  conftest.c >&5
configure:4479: $? = 0
configure:4483: test -z 
			 || test ! -s conftest.err
configure:4486: $? = 0
configure:4489: test -s conftest.o
configure:4492: $? = 0
configure:4503: result: yes
configure:4457: checking for strings.h
configure:4473: gcc -c -g -O2  conftest.c >&5
configure:4479: $? = 0
configure:4483: test -z 
			 || test ! -s conftest.err
configure:4486: $? = 0
configure:4489: test -s conftest.o
configure:4492: $? = 0
configure:4503: result: yes
configure:4457: checking for inttypes.h
configure:4473: gcc -c -g -O2  conftest.c >&5
configure:4479: $? = 0
configure:4483: test -z 
			 || test ! -s conftest.err
configure:4486: $? = 0
configure:4489: test -s conftest.o
configure:4492: $? = 0
configure:4503: result: yes
configure:4457: checking for stdint.h
configure:4473: gcc -c -g -O2  conftest.c >&5
configure:4479: $? = 0
configure:4483: test -z 
			 || test ! -s conftest.err
configure:4486: $? = 0
configure:4489: test -s conftest.o
configure:4492: $? = 0
configure:4503: result: yes
configure:4457: checking for unistd.h
configure:4473: gcc -c -g -O2  conftest.c >&5
configure:4479: $? = 0
configure:4483: test -z 
			 || test ! -s conftest.err
configure:4486: $? = 0
configure:4489: test -s conftest.o
configure:4492: $? = 0
configure:4503: result: yes
configure:4529: checking dlfcn.h usability
configure:4541: gcc -c -g -O2  conftest.c >&5
configure:4547: $? = 0
configure:4551: test -z 
			 || test ! -s conftest.err
configure:4554: $? = 0
configure:4557: test -s conftest.o
configure:4560: $? = 0
configure:4570: result: yes
configure:4574: checking dlfcn.h presence
configure:4584: gcc -E  conftest.c
configure:4590: $? = 0
configure:4610: result: yes
configure:4645: checking for dlfcn.h
configure:4652: result: yes
configure:4717: checking for g++
configure:4733: found /usr/bin/g++
configure:4743: result: g++
configure:4759: checking for C++ compiler version
configure:4762: g++ --version </dev/null >&5
g++ (Gentoo 4.8.3 p1.1, pie-0.5.9) 4.8.3
Copyright (C) 2013 Free Software Foundation, Inc.
This is free software; see the source for copying conditions.  There is NO
warranty; not even for MERCHANTABILITY or FITNESS FOR A PARTICULAR PURPOSE.

configure:4765: $? = 0
configure:4767: g++ -v </dev/null >&5
Using built-in specs.
COLLECT_GCC=/usr/x86_64-pc-linux-gnu/gcc-bin/4.8.3/g++
COLLECT_LTO_WRAPPER=/usr/libexec/gcc/x86_64-pc-linux-gnu/4.8.3/lto-wrapper
Target: x86_64-pc-linux-gnu
Configured with: /var/tmp/portage/sys-devel/gcc-4.8.3/work/gcc-4.8.3/configure --host=x86_64-pc-linux-gnu --build=x86_64-pc-linux-gnu --prefix=/usr --bindir=/usr/x86_64-pc-linux-gnu/gcc-bin/4.8.3 --includedir=/usr/lib/gcc/x86_64-pc-linux-gnu/4.8.3/include --datadir=/usr/share/gcc-data/x86_64-pc-linux-gnu/4.8.3 --mandir=/usr/share/gcc-data/x86_64-pc-linux-gnu/4.8.3/man --infodir=/usr/share/gcc-data/x86_64-pc-linux-gnu/4.8.3/info --with-gxx-include-dir=/usr/lib/gcc/x86_64-pc-linux-gnu/4.8.3/include/g++-v4 --with-python-dir=/share/gcc-data/x86_64-pc-linux-gnu/4.8.3/python --enable-languages=c,c++,fortran --enable-obsolete --enable-secureplt --disable-werror --with-system-zlib --enable-nls --without-included-gettext --enable-checking=release --with-bugurl=https://bugs.gentoo.org/ --with-pkgversion='Gentoo 4.8.3 p1.1, pie-0.5.9' --enable-libstdcxx-time --enable-linker-build-id --enable-shared --enable-threads=posix --enable-__cxa_atexit --enable-clocale=gnu --enable-multilib --with-multilib-list=m32,m64 --disable-altivec --disable-fixed-point --enable-targets=all --disable-libgcj --enable-libgomp --disable-libmudflap --disable-libssp --enable-lto --without-cloog --enable-libsanitizer
Thread model: posix
gcc version 4.8.3 (Gentoo 4.8.3 p1.1, pie-0.5.9) 
configure:4770: $? = 0
configure:4772: g++ -V </dev/null >&5
g++: error: unrecognized command line option '-V'
g++: fatal error: no input files
compilation terminated.
configure:4775: $? = 1
configure:4778: checking whether we are using the GNU C++ compiler
configure:4802: g++ -c   conftest.cc >&5
configure:4808: $? = 0
configure:4812: test -z 
			 || test ! -s conftest.err
configure:4815: $? = 0
configure:4818: test -s conftest.o
configure:4821: $? = 0
configure:4834: result: yes
configure:4840: checking whether g++ accepts -g
configure:4861: g++ -c -g  conftest.cc >&5
configure:4867: $? = 0
configure:4871: test -z 
			 || test ! -s conftest.err
configure:4874: $? = 0
configure:4877: test -s conftest.o
configure:4880: $? = 0
configure:4891: result: yes
configure:4933: g++ -c -g -O2  conftest.cc >&5
configure:4939: $? = 0
configure:4943: test -z 
			 || test ! -s conftest.err
configure:4946: $? = 0
configure:4949: test -s conftest.o
configure:4952: $? = 0
configure:4978: g++ -c -g -O2  conftest.cc >&5
conftest.cc: In function 'int main()':
conftest.cc:26:9: error: 'exit' was not declared in this scope
 exit (42);
         ^
configure:4984: $? = 1
configure: failed program was:
| /* confdefs.h.  */
| 
| #define PACKAGE_NAME ""
| #define PACKAGE_TARNAME ""
| #define PACKAGE_VERSION ""
| #define PACKAGE_STRING ""
| #define PACKAGE_BUGREPORT ""
| #define PACKAGE "libxmms"
| #define VERSION "4.1.3"
| #define STDC_HEADERS 1
| #define HAVE_SYS_TYPES_H 1
| #define HAVE_SYS_STAT_H 1
| #define HAVE_STDLIB_H 1
| #define HAVE_STRING_H 1
| #define HAVE_MEMORY_H 1
| #define HAVE_STRINGS_H 1
| #define HAVE_INTTYPES_H 1
| #define HAVE_STDINT_H 1
| #define HAVE_UNISTD_H 1
| #define HAVE_DLFCN_H 1
| /* end confdefs.h.  */
| 
| int
| main ()
| {
| exit (42);
|   ;
|   return 0;
| }
configure:4933: g++ -c -g -O2  conftest.cc >&5
conftest.cc:22:40: error: 'void std::exit(int)' should have been declared inside 'std'
 extern "C" void std::exit (int) throw (); using std::exit;
                                        ^
configure:4939: $? = 1
configure: failed program was:
| /* confdefs.h.  */
| 
| #define PACKAGE_NAME ""
| #define PACKAGE_TARNAME ""
| #define PACKAGE_VERSION ""
| #define PACKAGE_STRING ""
| #define PACKAGE_BUGREPORT ""
| #define PACKAGE "libxmms"
| #define VERSION "4.1.3"
| #define STDC_HEADERS 1
| #define HAVE_SYS_TYPES_H 1
| #define HAVE_SYS_STAT_H 1
| #define HAVE_STDLIB_H 1
| #define HAVE_STRING_H 1
| #define HAVE_MEMORY_H 1
| #define HAVE_STRINGS_H 1
| #define HAVE_INTTYPES_H 1
| #define HAVE_STDINT_H 1
| #define HAVE_UNISTD_H 1
| #define HAVE_DLFCN_H 1
| /* end confdefs.h.  */
| extern "C" void std::exit (int) throw (); using std::exit;
| #include <stdlib.h>
| int
| main ()
| {
| exit (42);
|   ;
|   return 0;
| }
configure:4933: g++ -c -g -O2  conftest.cc >&5
conftest.cc:22:31: error: 'void std::exit(int)' should have been declared inside 'std'
 extern "C" void std::exit (int); using std::exit;
                               ^
In file included from conftest.cc:23:0:
/usr/include/stdlib.h:543:70: error: declaration of 'void std::exit(int) throw ()' has a different exception specifier
 extern void exit (int __status) __THROW __attribute__ ((__noreturn__));
                                                                      ^
conftest.cc:22:17: error: from previous declaration 'void std::exit(int)'
 extern "C" void std::exit (int); using std::exit;
                 ^
configure:4939: $? = 1
configure: failed program was:
| /* confdefs.h.  */
| 
| #define PACKAGE_NAME ""
| #define PACKAGE_TARNAME ""
| #define PACKAGE_VERSION ""
| #define PACKAGE_STRING ""
| #define PACKAGE_BUGREPORT ""
| #define PACKAGE "libxmms"
| #define VERSION "4.1.3"
| #define STDC_HEADERS 1
| #define HAVE_SYS_TYPES_H 1
| #define HAVE_SYS_STAT_H 1
| #define HAVE_STDLIB_H 1
| #define HAVE_STRING_H 1
| #define HAVE_MEMORY_H 1
| #define HAVE_STRINGS_H 1
| #define HAVE_INTTYPES_H 1
| #define HAVE_STDINT_H 1
| #define HAVE_UNISTD_H 1
| #define HAVE_DLFCN_H 1
| /* end confdefs.h.  */
| extern "C" void std::exit (int); using std::exit;
| #include <stdlib.h>
| int
| main ()
| {
| exit (42);
|   ;
|   return 0;
| }
configure:4933: g++ -c -g -O2  conftest.cc >&5
configure:4939: $? = 0
configure:4943: test -z 
			 || test ! -s conftest.err
configure:4946: $? = 0
configure:4949: test -s conftest.o
configure:4952: $? = 0
configure:4978: g++ -c -g -O2  conftest.cc >&5
configure:4984: $? = 0
configure:4988: test -z 
			 || test ! -s conftest.err
configure:4991: $? = 0
configure:4994: test -s conftest.o
configure:4997: $? = 0
configure:5022: checking dependency style of g++
configure:5112: result: gcc3
configure:5139: checking how to run the C++ preprocessor
configure:5170: g++ -E  conftest.cc
configure:5176: $? = 0
configure:5208: g++ -E  conftest.cc
conftest.cc:25:28: fatal error: ac_nonexistent.h: No such file or directory
 #include <ac_nonexistent.h>
                            ^
compilation terminated.
configure:5214: $? = 1
configure: failed program was:
| /* confdefs.h.  */
| 
| #define PACKAGE_NAME ""
| #define PACKAGE_TARNAME ""
| #define PACKAGE_VERSION ""
| #define PACKAGE_STRING ""
| #define PACKAGE_BUGREPORT ""
| #define PACKAGE "libxmms"
| #define VERSION "4.1.3"
| #define STDC_HEADERS 1
| #define HAVE_SYS_TYPES_H 1
| #define HAVE_SYS_STAT_H 1
| #define HAVE_STDLIB_H 1
| #define HAVE_STRING_H 1
| #define HAVE_MEMORY_H 1
| #define HAVE_STRINGS_H 1
| #define HAVE_INTTYPES_H 1
| #define HAVE_STDINT_H 1
| #define HAVE_UNISTD_H 1
| #define HAVE_DLFCN_H 1
| #ifdef __cplusplus
| extern "C" void exit (int) throw ();
| #endif
| /* end confdefs.h.  */
| #include <ac_nonexistent.h>
configure:5253: result: g++ -E
configure:5277: g++ -E  conftest.cc
configure:5283: $? = 0
configure:5315: g++ -E  conftest.cc
conftest.cc:25:28: fatal error: ac_nonexistent.h: No such file or directory
 #include <ac_nonexistent.h>
                            ^
compilation terminated.
configure:5321: $? = 1
configure: failed program was:
| /* confdefs.h.  */
| 
| #define PACKAGE_NAME ""
| #define PACKAGE_TARNAME ""
| #define PACKAGE_VERSION ""
| #define PACKAGE_STRING ""
| #define PACKAGE_BUGREPORT ""
| #define PACKAGE "libxmms"
| #define VERSION "4.1.3"
| #define STDC_HEADERS 1
| #define HAVE_SYS_TYPES_H 1
| #define HAVE_SYS_STAT_H 1
| #define HAVE_STDLIB_H 1
| #define HAVE_STRING_H 1
| #define HAVE_MEMORY_H 1
| #define HAVE_STRINGS_H 1
| #define HAVE_INTTYPES_H 1
| #define HAVE_STDINT_H 1
| #define HAVE_UNISTD_H 1
| #define HAVE_DLFCN_H 1
| #ifdef __cplusplus
| extern "C" void exit (int) throw ();
| #endif
| /* end confdefs.h.  */
| #include <ac_nonexistent.h>
configure:5418: checking for g77
configure:5447: result: no
configure:5418: checking for f77
configure:5447: result: no
configure:5418: checking for xlf
configure:5447: result: no
configure:5418: checking for frt
configure:5447: result: no
configure:5418: checking for pgf77
configure:5447: result: no
configure:5418: checking for fort77
configure:5447: result: no
configure:5418: checking for fl32
configure:5447: result: no
configure:5418: checking for af77
configure:5447: result: no
configure:5418: checking for f90
configure:5447: result: no
configure:5418: checking for xlf90
configure:5447: result: no
configure:5418: checking for pgf90
configure:5447: result: no
configure:5418: checking for epcf90
configure:5447: result: no
configure:5418: checking for f95
configure:5447: result: no
configure:5418: checking for fort
configure:5447: result: no
configure:5418: checking for xlf95
configure:5447: result: no
configure:5418: checking for ifc
configure:5447: result: no
configure:5418: checking for efc
configure:5447: result: no
configure:5418: checking for pgf95
configure:5447: result: no
configure:5418: checking for lf95
configure:5447: result: no
configure:5418: checking for gfortran
configure:5434: found /usr/bin/gfortran
configure:5444: result: gfortran
configure:5459: checking for Fortran 77 compiler version
configure:5462: gfortran --version </dev/null >&5
GNU Fortran (Gentoo 4.8.3 p1.1, pie-0.5.9) 4.8.3
Copyright (C) 2013 Free Software Foundation, Inc.

GNU Fortran comes with NO WARRANTY, to the extent permitted by law.
You may redistribute copies of GNU Fortran
under the terms of the GNU General Public License.
For more information about these matters, see the file named COPYING

configure:5465: $? = 0
configure:5467: gfortran -v </dev/null >&5
Using built-in specs.
COLLECT_GCC=/usr/x86_64-pc-linux-gnu/gcc-bin/4.8.3/gfortran
COLLECT_LTO_WRAPPER=/usr/libexec/gcc/x86_64-pc-linux-gnu/4.8.3/lto-wrapper
Target: x86_64-pc-linux-gnu
Configured with: /var/tmp/portage/sys-devel/gcc-4.8.3/work/gcc-4.8.3/configure --host=x86_64-pc-linux-gnu --build=x86_64-pc-linux-gnu --prefix=/usr --bindir=/usr/x86_64-pc-linux-gnu/gcc-bin/4.8.3 --includedir=/usr/lib/gcc/x86_64-pc-linux-gnu/4.8.3/include --datadir=/usr/share/gcc-data/x86_64-pc-linux-gnu/4.8.3 --mandir=/usr/share/gcc-data/x86_64-pc-linux-gnu/4.8.3/man --infodir=/usr/share/gcc-data/x86_64-pc-linux-gnu/4.8.3/info --with-gxx-include-dir=/usr/lib/gcc/x86_64-pc-linux-gnu/4.8.3/include/g++-v4 --with-python-dir=/share/gcc-data/x86_64-pc-linux-gnu/4.8.3/python --enable-languages=c,c++,fortran --enable-obsolete --enable-secureplt --disable-werror --with-system-zlib --enable-nls --without-included-gettext --enable-checking=release --with-bugurl=https://bugs.gentoo.org/ --with-pkgversion='Gentoo 4.8.3 p1.1, pie-0.5.9' --enable-libstdcxx-time --enable-linker-build-id --enable-shared --enable-threads=posix --enable-__cxa_atexit --enable-clocale=gnu --enable-multilib --with-multilib-list=m32,m64 --disable-altivec --disable-fixed-point --enable-targets=all --disable-libgcj --enable-libgomp --disable-libmudflap --disable-libssp --enable-lto --without-cloog --enable-libsanitizer
Thread model: posix
gcc version 4.8.3 (Gentoo 4.8.3 p1.1, pie-0.5.9) 
configure:5470: $? = 0
configure:5472: gfortran -V </dev/null >&5
gfortran: error: unrecognized command line option '-V'
gfortran: fatal error: no input files
compilation terminated.
configure:5475: $? = 1
configure:5483: checking whether we are using the GNU Fortran 77 compiler
configure:5497: gfortran -c  conftest.F >&5
configure:5503: $? = 0
configure:5507: test -z 
			 || test ! -s conftest.err
configure:5510: $? = 0
configure:5513: test -s conftest.o
configure:5516: $? = 0
configure:5529: result: yes
configure:5535: checking whether gfortran accepts -g
configure:5547: gfortran -c -g conftest.f >&5
configure:5553: $? = 0
configure:5557: test -z 
			 || test ! -s conftest.err
configure:5560: $? = 0
configure:5563: test -s conftest.o
configure:5566: $? = 0
configure:5578: result: yes
configure:5608: checking the maximum length of command line arguments
configure:5717: result: 32768
configure:5728: checking command to parse /usr/bin/nm -B output from gcc object
configure:5833: gcc -c -g -O2  conftest.c >&5
configure:5836: $? = 0
configure:5840: /usr/bin/nm -B conftest.o \| sed -n -e 's/^.*[ 	]\([ABCDGIRSTW][ABCDGIRSTW]*\)[ 	][ 	]*\([_A-Za-z][_A-Za-z0-9]*\)$/\1 \2 \2/p' \> conftest.nm
configure:5843: $? = 0
configure:5895: gcc -o conftest -g -O2   conftest.c conftstm.o >&5
configure:5898: $? = 0
configure:5936: result: ok
configure:5940: checking for objdir
configure:5955: result: .libs
configure:6045: checking for ar
configure:6061: found /usr/bin/ar
configure:6072: result: ar
configure:6125: checking for ranlib
configure:6141: found /usr/bin/ranlib
configure:6152: result: ranlib
configure:6205: checking for strip
configure:6221: found /usr/bin/strip
configure:6232: result: strip
configure:6508: checking if gcc supports -fno-rtti -fno-exceptions
configure:6526: gcc -c -g -O2  -fno-rtti -fno-exceptions conftest.c >&5
cc1: warning: command line option '-fno-rtti' is valid for C++/ObjC++ but not for C [enabled by default]
configure:6530: $? = 0
configure:6543: result: no
configure:6558: checking for gcc option to produce PIC
configure:6768: result: -fPIC
configure:6776: checking if gcc PIC flag -fPIC works
configure:6794: gcc -c -g -O2  -fPIC -DPIC conftest.c >&5
configure:6798: $? = 0
configure:6811: result: yes
configure:6839: checking if gcc static flag -static works
configure:6867: result: yes
configure:6877: checking if gcc supports -c -o file.o
configure:6898: gcc -c -g -O2  -o out/conftest2.o conftest.c >&5
configure:6902: $? = 0
configure:6924: result: yes
configure:6950: checking whether the gcc linker (/usr/x86_64-pc-linux-gnu/bin/ld -m elf_x86_64) supports shared libraries
configure:7909: result: yes
configure:7930: checking whether -lc should be explicitly linked in
configure:7935: gcc -c -g -O2  conftest.c >&5
configure:7938: $? = 0
configure:7953: gcc -shared conftest.o  -v -Wl,-soname -Wl,conftest -o conftest 2\>\&1 \| grep  -lc  \>/dev/null 2\>\&1
configure:7956: $? = 0
configure:7968: result: no
configure:7976: checking dynamic linker characteristics
configure:8552: result: GNU/Linux ld.so
configure:8561: checking how to hardcode library paths into programs
configure:8586: result: immediate
configure:8600: checking whether stripping libraries is possible
configure:8605: result: yes
configure:9439: checking if libtool supports shared libraries
configure:9441: result: yes
configure:9444: checking whether to build shared libraries
configure:9465: result: yes
configure:9468: checking whether to build static libraries
configure:9472: result: yes
configure:9564: creating libtool
configure:10152: checking for ld used by g++
configure:10219: result: /usr/x86_64-pc-linux-gnu/bin/ld -m elf_x86_64
configure:10228: checking if the linker (/usr/x86_64-pc-linux-gnu/bin/ld -m elf_x86_64) is GNU ld
configure:10243: result: yes
configure:10294: checking whether the g++ linker (/usr/x86_64-pc-linux-gnu/bin/ld -m elf_x86_64) supports shared libraries
configure:11232: result: yes
configure:11254: g++ -c -g -O2  conftest.cpp >&5
configure:11257: $? = 0
configure:11376: checking for g++ option to produce PIC
configure:11650: result: -fPIC
configure:11658: checking if g++ PIC flag -fPIC works
configure:11676: g++ -c -g -O2  -fPIC -DPIC conftest.cpp >&5
configure:11680: $? = 0
configure:11693: result: yes
configure:11721: checking if g++ static flag -static works
configure:11749: result: yes
configure:11759: checking if g++ supports -c -o file.o
configure:11780: g++ -c -g -O2  -o out/conftest2.o conftest.cpp >&5
configure:11784: $? = 0
configure:11806: result: yes
configure:11832: checking whether the g++ linker (/usr/x86_64-pc-linux-gnu/bin/ld -m elf_x86_64) supports shared libraries
configure:11860: result: yes
configure:11927: checking dynamic linker characteristics
configure:12503: result: GNU/Linux ld.so
configure:12512: checking how to hardcode library paths into programs
configure:12537: result: immediate
configure:13063: checking if libtool supports shared libraries
configure:13065: result: yes
configure:13068: checking whether to build shared libraries
configure:13088: result: yes
configure:13091: checking whether to build static libraries
configure:13095: result: yes
configure:13105: checking for gfortran option to produce PIC
configure:13315: result: -fPIC
configure:13323: checking if gfortran PIC flag -fPIC works
configure:13341: gfortran -c -g -O2 -fPIC conftest.f >&5
configure:13345: $? = 0
configure:13358: result: yes
configure:13386: checking if gfortran static flag -static works
configure:13414: result: yes
configure:13424: checking if gfortran supports -c -o file.o
configure:13445: gfortran -c -g -O2 -o out/conftest2.o conftest.f >&5
configure:13449: $? = 0
configure:13471: result: yes
configure:13497: checking whether the gfortran linker (/usr/x86_64-pc-linux-gnu/bin/ld -m elf_x86_64) supports shared libraries
configure:14436: result: yes
configure:14503: checking dynamic linker characteristics
configure:15079: result: GNU/Linux ld.so
configure:15088: checking how to hardcode library paths into programs
configure:15113: result: immediate
configure:18718: checking whether byte ordering is bigendian
configure:18745: gcc -c -g -O2  conftest.c >&5
configure:18751: $? = 0
configure:18755: test -z 
			 || test ! -s conftest.err
configure:18758: $? = 0
configure:18761: test -s conftest.o
configure:18764: $? = 0
configure:18788: gcc -c -g -O2  conftest.c >&5
conftest.c: In function 'main':
conftest.c:32:2: error: unknown type name 'not'
  not big endian
  ^
conftest.c:32:10: error: expected '=', ',', ';', 'asm' or '__attribute__' before 'endian'
  not big endian
          ^
configure:18794: $? = 1
configure: failed program was:
| /* confdefs.h.  */
| 
| #define PACKAGE_NAME ""
| #define PACKAGE_TARNAME ""
| #define PACKAGE_VERSION ""
| #define PACKAGE_STRING ""
| #define PACKAGE_BUGREPORT ""
| #define PACKAGE "libxmms"
| #define VERSION "4.1.3"
| #define STDC_HEADERS 1
| #define HAVE_SYS_TYPES_H 1
| #define HAVE_SYS_STAT_H 1
| #define HAVE_STDLIB_H 1
| #define HAVE_STRING_H 1
| #define HAVE_MEMORY_H 1
| #define HAVE_STRINGS_H 1
| #define HAVE_INTTYPES_H 1
| #define HAVE_STDINT_H 1
| #define HAVE_UNISTD_H 1
| #define HAVE_DLFCN_H 1
| #ifdef __cplusplus
| extern "C" void exit (int) throw ();
| #endif
| /* end confdefs.h.  */
| #include <sys/types.h>
| #include <sys/param.h>
| 
| int
| main ()
| {
| #if BYTE_ORDER != BIG_ENDIAN
|  not big endian
| #endif
| 
|   ;
|   return 0;
| }
configure:18929: result: no
configure:18955: checking for sched_setscheduler
configure:19012: gcc -o conftest -g -O2   conftest.c  >&5
configure:19018: $? = 0
configure:19022: test -z 
			 || test ! -s conftest.err
configure:19025: $? = 0
configure:19028: test -s conftest
configure:19031: $? = 0
configure:19043: result: yes
configure:18955: checking for nanosleep
configure:19012: gcc -o conftest -g -O2   conftest.c  >&5
configure:19018: $? = 0
configure:19022: test -z 
			 || test ! -s conftest.err
configure:19025: $? = 0
configure:19028: test -s conftest
configure:19031: $? = 0
configure:19043: result: yes
configure:19299: result: no
configure:19304: checking for GLIB - version >= 1.2.2
configure:19434: result: yes
configure:19614: result: no
configure:19619: checking for GTK - version >= 1.2.2
configure:19750: result: yes
configure:19853: checking whether time.h and sys/time.h may both be included
configure:19878: gcc -c -g -O2 -Wall -Wpointer-arith  conftest.c >&5
configure:19884: $? = 0
configure:19888: test -z 
			 || test ! -s conftest.err
configure:19891: $? = 0
configure:19894: test -s conftest.o
configure:19897: $? = 0
configure:19908: result: yes
configure:19933: checking sched.h usability
configure:19945: gcc -c -g -O2 -Wall -Wpointer-arith  conftest.c >&5
configure:19951: $? = 0
configure:19955: test -z 
			 || test ! -s conftest.err
configure:19958: $? = 0
configure:19961: test -s conftest.o
configure:19964: $? = 0
configure:19974: result: yes
configure:19978: checking sched.h presence
configure:19988: gcc -E  conftest.c
configure:19994: $? = 0
configure:20014: result: yes
configure:20049: checking for sched.h
configure:20056: result: yes
configure:20083: checking sys/sched.h usability
configure:20095: gcc -c -g -O2 -Wall -Wpointer-arith  conftest.c >&5
conftest.c:63:23: fatal error: sys/sched.h: No such file or directory
 #include <sys/sched.h>
                       ^
compilation terminated.
configure:20101: $? = 1
configure: failed program was:
| /* confdefs.h.  */
| 
| #define PACKAGE_NAME ""
| #define PACKAGE_TARNAME ""
| #define PACKAGE_VERSION ""
| #define PACKAGE_STRING ""
| #define PACKAGE_BUGREPORT ""
| #define PACKAGE "libxmms"
| #define VERSION "4.1.3"
| #define STDC_HEADERS 1
| #define HAVE_SYS_TYPES_H 1
| #define HAVE_SYS_STAT_H 1
| #define HAVE_STDLIB_H 1
| #define HAVE_STRING_H 1
| #define HAVE_MEMORY_H 1
| #define HAVE_STRINGS_H 1
| #define HAVE_INTTYPES_H 1
| #define HAVE_STDINT_H 1
| #define HAVE_UNISTD_H 1
| #define HAVE_DLFCN_H 1
| #ifdef __cplusplus
| extern "C" void exit (int) throw ();
| #endif
| #define HAVE_SCHED_SETSCHEDULER 1
| #define HAVE_NANOSLEEP 1
| #define TIME_WITH_SYS_TIME 1
| #define HAVE_SCHED_H 1
| /* end confdefs.h.  */
| #include <stdio.h>
| #if HAVE_SYS_TYPES_H
| # include <sys/types.h>
| #endif
| #if HAVE_SYS_STAT_H
| # include <sys/stat.h>
| #endif
| #if STDC_HEADERS
| # include <stdlib.h>
| # include <stddef.h>
| #else
| # if HAVE_STDLIB_H
| #  include <stdlib.h>
| # endif
| #endif
| #if HAVE_STRING_H
| # if !STDC_HEADERS && HAVE_MEMORY_H
| #  include <memory.h>
| # endif
| # include <string.h>
| #endif
| #if HAVE_STRINGS_H
| # include <strings.h>
| #endif
| #if HAVE_INTTYPES_H
| # include <inttypes.h>
| #else
| # if HAVE_STDINT_H
| #  include <stdint.h>
| # endif
| #endif
| #if HAVE_UNISTD_H
| # include <unistd.h>
| #endif
| #include <sys/sched.h>
configure:20124: result: no
configure:20128: checking sys/sched.h presence
configure:20138: gcc -E  conftest.c
conftest.c:29:23: fatal error: sys/sched.h: No such file or directory
 #include <sys/sched.h>
                       ^
compilation terminated.
configure:20144: $? = 1
configure: failed program was:
| /* confdefs.h.  */
| 
| #define PACKAGE_NAME ""
| #define PACKAGE_TARNAME ""
| #define PACKAGE_VERSION ""
| #define PACKAGE_STRING ""
| #define PACKAGE_BUGREPORT ""
| #define PACKAGE "libxmms"
| #define VERSION "4.1.3"
| #define STDC_HEADERS 1
| #define HAVE_SYS_TYPES_H 1
| #define HAVE_SYS_STAT_H 1
| #define HAVE_STDLIB_H 1
| #define HAVE_STRING_H 1
| #define HAVE_MEMORY_H 1
| #define HAVE_STRINGS_H 1
| #define HAVE_INTTYPES_H 1
| #define HAVE_STDINT_H 1
| #define HAVE_UNISTD_H 1
| #define HAVE_DLFCN_H 1
| #ifdef __cplusplus
| extern "C" void exit (int) throw ();
| #endif
| #define HAVE_SCHED_SETSCHEDULER 1
| #define HAVE_NANOSLEEP 1
| #define TIME_WITH_SYS_TIME 1
| #define HAVE_SCHED_H 1
| /* end confdefs.h.  */
| #include <sys/sched.h>
configure:20164: result: no
configure:20199: checking for sys/sched.h
configure:20206: result: no
configure:20224: checking for unistd.h
configure:20229: result: yes
configure:20383: checking sys/time.h usability
configure:20395: gcc -c -g -O2 -Wall -Wpointer-arith  conftest.c >&5
configure:20401: $? = 0
configure:20405: test -z 
			 || test ! -s conftest.err
configure:20408: $? = 0
configure:20411: test -s conftest.o
configure:20414: $? = 0
configure:20424: result: yes
configure:20428: checking sys/time.h presence
configure:20438: gcc -E  conftest.c
configure:20444: $? = 0
configure:20464: result: yes
configure:20499: checking for sys/time.h
configure:20506: result: yes
configure:20560: checking for ld used by GCC
configure:20624: result: /usr/x86_64-pc-linux-gnu/bin/ld -m elf_x86_64
configure:20633: checking if the linker (/usr/x86_64-pc-linux-gnu/bin/ld -m elf_x86_64) is GNU ld
configure:20646: result: yes
configure:20653: checking for shared library run path origin
configure:20666: result: done
configure:21096: checking for iconv
configure:21123: gcc -o conftest -g -O2 -Wall -Wpointer-arith   conftest.c  >&5
configure:21129: $? = 0
configure:21133: test -z 
			 || test ! -s conftest.err
configure:21136: $? = 0
configure:21139: test -s conftest
configure:21142: $? = 0
configure:21208: result: yes
configure:21231: checking for iconv declaration
configure:21265: gcc -c -g -O2 -Wall -Wpointer-arith  conftest.c >&5
configure:21271: $? = 0
configure:21275: test -z 
			 || test ! -s conftest.err
configure:21278: $? = 0
configure:21281: test -s conftest.o
configure:21284: $? = 0
configure:21299: result: 
         extern size_t iconv (iconv_t cd, char * *inbuf, size_t *inbytesleft, char * *outbuf, size_t *outbytesleft);
configure:21310: checking for nl_langinfo(CODESET)
configure:21332: gcc -c -g -O2 -Wall -Wpointer-arith  conftest.c >&5
conftest.c: In function 'main':
conftest.c:37:7: warning: unused variable 'codeset' [-Wunused-variable]
 char *codeset = nl_langinfo (CODESET);
       ^
configure:21338: $? = 0
configure:21342: test -z 
			 || test ! -s conftest.err
configure:21345: $? = 0
configure:21348: test -s conftest.o
configure:21351: $? = 0
configure:21362: result: yes
configure:21490: creating ./config.status

## ---------------------- ##
## Running config.status. ##
## ---------------------- ##

This file was extended by config.status, which was
generated by GNU Autoconf 2.59.  Invocation command line was

  CONFIG_FILES    = 
  CONFIG_HEADERS  = 
  CONFIG_LINKS    = 
  CONFIG_COMMANDS = 
  $ ./config.status 

on gentoo

config.status:727: creating Makefile
config.status:831: creating config.h
config.status:957: config.h is unchanged
config.status:1137: executing depfiles commands

## ---------------- ##
## Cache variables. ##
## ---------------- ##

ac_cv_build=x86_64-unknown-linux-gnu
ac_cv_build_alias=x86_64-unknown-linux-gnu
ac_cv_c_bigendian=no
ac_cv_c_compiler_gnu=yes
ac_cv_cxx_compiler_gnu=yes
ac_cv_env_CC_set=
ac_cv_env_CC_value=
ac_cv_env_CFLAGS_set=
ac_cv_env_CFLAGS_value=
ac_cv_env_CPPFLAGS_set=
ac_cv_env_CPPFLAGS_value=
ac_cv_env_CPP_set=
ac_cv_env_CPP_value=
ac_cv_env_CXXCPP_set=
ac_cv_env_CXXCPP_value=
ac_cv_env_CXXFLAGS_set=
ac_cv_env_CXXFLAGS_value=
ac_cv_env_CXX_set=
ac_cv_env_CXX_value=
ac_cv_env_F77_set=
ac_cv_env_F77_value=
ac_cv_env_FFLAGS_set=
ac_cv_env_FFLAGS_value=
ac_cv_env_LDFLAGS_set=
ac_cv_env_LDFLAGS_value=
ac_cv_env_build_alias_set=
ac_cv_env_build_alias_value=
ac_cv_env_host_alias_set=
ac_cv_env_host_alias_value=
ac_cv_env_target_alias_set=
ac_cv_env_target_alias_value=
ac_cv_exeext=
ac_cv_f77_compiler_gnu=yes
ac_cv_func_nanosleep=yes
ac_cv_func_sched_setscheduler=yes
ac_cv_header_dlfcn_h=yes
ac_cv_header_inttypes_h=yes
ac_cv_header_memory_h=yes
ac_cv_header_sched_h=yes
ac_cv_header_stdc=yes
ac_cv_header_stdint_h=yes
ac_cv_header_stdlib_h=yes
ac_cv_header_string_h=yes
ac_cv_header_strings_h=yes
ac_cv_header_sys_sched_h=no
ac_cv_header_sys_stat_h=yes
ac_cv_header_sys_time_h=yes
ac_cv_header_sys_types_h=yes
ac_cv_header_time=yes
ac_cv_header_unistd_h=yes
ac_cv_host=x86_64-unknown-linux-gnu
ac_cv_host_alias=x86_64-unknown-linux-gnu
ac_cv_objext=o
ac_cv_path_install='/usr/bin/install -c'
ac_cv_prog_AWK=gawk
ac_cv_prog_CPP='gcc -E'
ac_cv_prog_CXXCPP='g++ -E'
ac_cv_prog_ac_ct_AR=ar
ac_cv_prog_ac_ct_CC=gcc
ac_cv_prog_ac_ct_CXX=g++
ac_cv_prog_ac_ct_F77=gfortran
ac_cv_prog_ac_ct_RANLIB=ranlib
ac_cv_prog_ac_ct_STRIP=strip
ac_cv_prog_cc_g=yes
ac_cv_prog_cc_stdc=
ac_cv_prog_cxx_g=yes
ac_cv_prog_egrep='grep -E'
ac_cv_prog_f77_g=yes
ac_cv_prog_make_make_set=yes
acl_cv_hardcode_direct=no
acl_cv_hardcode_libdir_flag_spec='${wl}-rpath ${wl}$libdir'
acl_cv_hardcode_libdir_separator=
acl_cv_hardcode_minus_L=no
acl_cv_libext=a
acl_cv_path_LD='/usr/x86_64-pc-linux-gnu/bin/ld -m elf_x86_64'
acl_cv_prog_gnu_ld=yes
acl_cv_rpath=done
acl_cv_shlibext=so
acl_cv_wl=-Wl,
am_cv_CC_dependencies_compiler_type=gcc3
am_cv_CXX_dependencies_compiler_type=gcc3
am_cv_func_iconv=yes
am_cv_lib_iconv=no
am_cv_proto_iconv='extern size_t iconv (iconv_t cd, char * *inbuf, size_t *inbytesleft, char * *outbuf, size_t *outbytesleft);'
am_cv_proto_iconv_arg1=
lt_cv_deplibs_check_method=pass_all
lt_cv_file_magic_cmd='$MAGIC_CMD'
lt_cv_file_magic_test_file=
lt_cv_ld_reload_flag=-r
lt_cv_objdir=.libs
lt_cv_path_LD=/usr/x86_64-pc-linux-gnu/bin/ld
lt_cv_path_LDCXX='/usr/x86_64-pc-linux-gnu/bin/ld -m elf_x86_64'
lt_cv_path_NM='/usr/bin/nm -B'
lt_cv_path_SED=/bin/sed
lt_cv_prog_compiler_c_o=yes
lt_cv_prog_compiler_c_o_CXX=yes
lt_cv_prog_compiler_c_o_F77=yes
lt_cv_prog_compiler_rtti_exceptions=no
lt_cv_prog_gnu_ld=yes
lt_cv_prog_gnu_ldcxx=yes
lt_cv_sys_global_symbol_pipe='sed -n -e '\''s/^.*[ 	]\([ABCDGIRSTW][ABCDGIRSTW]*\)[ 	][ 	]*\([_A-Za-z][_A-Za-z0-9]*\)$/\1 \2 \2/p'\'''
lt_cv_sys_global_symbol_to_c_name_address='sed -n -e '\''s/^: \([^ ]*\) $/  {\"\1\", (lt_ptr) 0},/p'\'' -e '\''s/^[BCDEGRST] \([^ ]*\) \([^ ]*\)$/  {"\2", (lt_ptr) \&\2},/p'\'''
lt_cv_sys_global_symbol_to_cdecl='sed -n -e '\''s/^. .* \(.*\)$/extern int \1;/p'\'''
lt_cv_sys_max_cmd_len=32768
lt_lt_cv_prog_compiler_c_o='"yes"'
lt_lt_cv_prog_compiler_c_o_CXX='"yes"'
lt_lt_cv_prog_compiler_c_o_F77='"yes"'
lt_lt_cv_sys_global_symbol_pipe='"sed -n -e '\''s/^.*[ 	]\\([ABCDGIRSTW][ABCDGIRSTW]*\\)[ 	][ 	]*\\([_A-Za-z][_A-Za-z0-9]*\\)\$/\\1 \\2 \\2/p'\''"'
lt_lt_cv_sys_global_symbol_to_c_name_address='"sed -n -e '\''s/^: \\([^ ]*\\) \$/  {\\\"\\1\\\", (lt_ptr) 0},/p'\'' -e '\''s/^[BCDEGRST] \\([^ ]*\\) \\([^ ]*\\)\$/  {\"\\2\", (lt_ptr) \\&\\2},/p'\''"'
lt_lt_cv_sys_global_symbol_to_cdecl='"sed -n -e '\''s/^. .* \\(.*\\)\$/extern int \\1;/p'\''"'
xmms_cv_func_langinfo=yes

## ----------------- ##
## Output variables. ##
## ----------------- ##

ACLOCAL='${SHELL} /home/xdien/workspace/xmms-1.2.11/missing --run aclocal-1.9'
AMDEPBACKSLASH='\'
AMDEP_FALSE='#'
AMDEP_TRUE=''
AMTAR='${SHELL} /home/xdien/workspace/xmms-1.2.11/missing --run tar'
AR='ar'
AUTOCONF='${SHELL} /home/xdien/workspace/xmms-1.2.11/missing --run autoconf'
AUTOHEADER='${SHELL} /home/xdien/workspace/xmms-1.2.11/missing --run autoheader'
AUTOMAKE='${SHELL} /home/xdien/workspace/xmms-1.2.11/missing --run automake-1.9'
AWK='gawk'
CC='gcc'
CCDEPMODE='depmode=gcc3'
CFLAGS='-g -O2 -Wall -Wpointer-arith'
CPP='gcc -E'
CPPFLAGS=''
CXX='g++'
CXXCPP='g++ -E'
CXXDEPMODE='depmode=gcc3'
CXXFLAGS='-g -O2'
CYGPATH_W='echo'
DEFS='-DHAVE_CONFIG_H'
DEPDIR='.deps'
ECHO='echo'
ECHO_C=''
ECHO_N='-n'
ECHO_T=''
EGREP='grep -E'
EXEEXT=''
F77='gfortran'
FFLAGS='-g -O2'
GLIB_CFLAGS='-I/usr/include/glib-2.0 -I/usr/lib64/glib-2.0/include '
GLIB_CONFIG=''
GLIB_LIBS='-lglib-2.0 '
GTK_CFLAGS=''
GTK_CONFIG=''
GTK_LIBS=''
INSTALL_DATA='${INSTALL} -m 644'
INSTALL_PROGRAM='${INSTALL}'
INSTALL_SCRIPT='${INSTALL}'
INSTALL_STRIP_PROGRAM='${SHELL} $(install_sh) -c -s'
LDFLAGS=''
LIBICONV=''
LIBOBJS=''
LIBS=''
LIBTOOL='$(SHELL) $(top_builddir)/libtool'
LIBXMMS_MAJOR_VERSION='4'
LIBXMMS_MICRO_VERSION='3'
LIBXMMS_MINOR_VERSION='1'
LN_S='ln -s'
LTLIBICONV=''
LTLIBOBJS=''
MAKEINFO='${SHELL} /home/xdien/workspace/xmms-1.2.11/missing --run makeinfo'
OBJEXT='o'
PACKAGE='libxmms'
PACKAGE_BUGREPORT=''
PACKAGE_NAME=''
PACKAGE_STRING=''
PACKAGE_TARNAME=''
PACKAGE_VERSION=''
PATH_SEPARATOR=':'
POSIX_LIBS=''
RANLIB='ranlib'
SET_MAKE=''
SHELL='/bin/sh'
STRIP='strip'
VERSION='4.1.3'
ac_ct_AR='ar'
ac_ct_CC='gcc'
ac_ct_CXX='g++'
ac_ct_F77='gfortran'
ac_ct_RANLIB='ranlib'
ac_ct_STRIP='strip'
ac_prefix_program=''
am__fastdepCC_FALSE='#'
am__fastdepCC_TRUE=''
am__fastdepCXX_FALSE='#'
am__fastdepCXX_TRUE=''
am__include='include'
am__leading_dot='.'
am__quote=''
am__tar='${AMTAR} chof - "$$tardir"'
am__untar='${AMTAR} xf -'
bindir='${exec_prefix}/bin'
build='x86_64-unknown-linux-gnu'
build_alias=''
build_cpu='x86_64'
build_os='linux-gnu'
build_vendor='unknown'
datadir='${prefix}/share'
exec_prefix='${prefix}'
host='x86_64-unknown-linux-gnu'
host_alias=''
host_cpu='x86_64'
host_os='linux-gnu'
host_vendor='unknown'
includedir='${prefix}/include'
infodir='${prefix}/info'
install_sh='/home/xdien/workspace/xmms-1.2.11/install-sh'
libdir='${exec_prefix}/lib'
libexecdir='${exec_prefix}/libexec'
localstatedir='${prefix}/var'
mandir='${prefix}/man'
mkdir_p='mkdir -p --'
oldincludedir='/usr/include'
prefix='/usr/local'
program_transform_name='s,x,x,'
sbindir='${exec_prefix}/sbin'
sharedstatedir='${prefix}/com'
sysconfdir='${prefix}/etc'
target_alias=''

## ----------- ##
## confdefs.h. ##
## ----------- ##

#define HAVE_CODESET
#define HAVE_DLFCN_H 1
#define HAVE_ICONV 1
#define HAVE_INTTYPES_H 1
#define HAVE_MEMORY_H 1
#define HAVE_NANOSLEEP 1
#define HAVE_SCHED_H 1
#define HAVE_SCHED_SETSCHEDULER 1
#define HAVE_STDINT_H 1
#define HAVE_STDLIB_H 1
#define HAVE_STRINGS_H 1
#define HAVE_STRING_H 1
#define HAVE_SYS_STAT_H 1
#define HAVE_SYS_TIME_H 1
#define HAVE_SYS_TYPES_H 1
#define HAVE_UNISTD_H 1
#define HAVE_UNISTD_H 1
#define ICONV_CONST 
#define PACKAGE "libxmms"
#define PACKAGE_BUGREPORT ""
#define PACKAGE_NAME ""
#define PACKAGE_STRING ""
#define PACKAGE_TARNAME ""
#define PACKAGE_VERSION ""
#define STDC_HEADERS 1
#define TIME_WITH_SYS_TIME 1
#define VERSION "4.1.3"
#endif
#ifdef __cplusplus
extern "C" void exit (int) throw ();

configure: exit 0
