
**** Build of configuration Default for project jniProject ****

/opt/android-ndk/ndk-build all 
Android NDK: WARNING:/home/xdien/AndroidStudioProjects/ImageEdit/app/jni/Android.mk:jniEffects: non-system libraries in linker flags: -l/home/xdien/AndroidStudioProjects/OpenCV-2.4.10-android-sdk/sdk/native/3rdparty/libs/armeabi-v7a/libtbb.a -l/home/xdien/AndroidStudioProjects/OpenCV-2.4.10-android-sdk/sdk/native/3rdparty/libs/x86/libtbb.a    
Android NDK:     This is likely to result in incorrect builds. Try using LOCAL_STATIC_LIBRARIES    
Android NDK:     or LOCAL_SHARED_LIBRARIES instead to list the library dependencies of the    
Android NDK:     current module    
Android NDK: WARNING:/home/xdien/AndroidStudioProjects/ImageEdit/app/jni/Android.mk:jniEffects: non-system libraries in linker flags: -l/home/xdien/AndroidStudioProjects/OpenCV-2.4.10-android-sdk/sdk/native/3rdparty/libs/armeabi-v7a/libtbb.a -l/home/xdien/AndroidStudioProjects/OpenCV-2.4.10-android-sdk/sdk/native/3rdparty/libs/x86/libtbb.a    
Android NDK:     This is likely to result in incorrect builds. Try using LOCAL_STATIC_LIBRARIES    
Android NDK:     or LOCAL_SHARED_LIBRARIES instead to list the library dependencies of the    
Android NDK:     current module    
[armeabi-v7a] SharedLibrary  : libTest.so
[armeabi-v7a] Install        : libTest.so => libs/armeabi-v7a/libTest.so
[armeabi-v7a] Compile++ thumb: jniEffects <= JniEffects.cpp
[armeabi-v7a] SharedLibrary  : libjniEffects.so
[armeabi-v7a] Install        : libjniEffects.so => libs/armeabi-v7a/libjniEffects.so
[x86] SharedLibrary  : libTest.so
[x86] Install        : libTest.so => libs/x86/libTest.so
[x86] Compile++      : jniEffects <= JniEffects.cpp
[x86] SharedLibrary  : libjniEffects.so
[x86] Install        : libjniEffects.so => libs/x86/libjniEffects.so

**** Build Finished ****
